2019-10-30 15:42:17.531  INFO 16048 --- [restartedMain] com.community.Community                  : Starting Community on DESKTOP-F1R7UV6 with PID 16048 (G:\Java\jdk1.8.0_131\Community\target\classes started by Lenovo in G:\Java\jdk1.8.0_131\Community)
2019-10-30 15:42:17.560  INFO 16048 --- [restartedMain] com.community.Community                  : No active profile set, falling back to default profiles: default
2019-10-30 15:42:17.919  INFO 16048 --- [restartedMain] ConfigServletWebServerApplicationContext : Refreshing org.springframework.boot.web.servlet.context.AnnotationConfigServletWebServerApplicationContext@1be6e42d: startup date [Wed Oct 30 15:42:17 CST 2019]; root of context hierarchy
2019-10-30 15:42:21.329  INFO 16048 --- [restartedMain] trationDelegate$BeanPostProcessorChecker : Bean 'shiroconfig' of type [com.community.compont.shiro.Shiroconfig$$EnhancerBySpringCGLIB$$ed711c45] is not eligible for getting processed by all BeanPostProcessors (for example: not eligible for auto-proxying)
2019-10-30 15:42:21.347  INFO 16048 --- [restartedMain] trationDelegate$BeanPostProcessorChecker : Bean 'org.springframework.transaction.annotation.ProxyTransactionManagementConfiguration' of type [org.springframework.transaction.annotation.ProxyTransactionManagementConfiguration$$EnhancerBySpringCGLIB$$b50b5c24] is not eligible for getting processed by all BeanPostProcessors (for example: not eligible for auto-proxying)
2019-10-30 15:42:21.532  INFO 16048 --- [restartedMain] trationDelegate$BeanPostProcessorChecker : Bean 'org.springframework.boot.context.properties.ConversionServiceDeducer$Factory' of type [org.springframework.boot.context.properties.ConversionServiceDeducer$Factory] is not eligible for getting processed by all BeanPostProcessors (for example: not eligible for auto-proxying)
2019-10-30 15:42:21.567  INFO 16048 --- [restartedMain] trationDelegate$BeanPostProcessorChecker : Bean 'mybatis-org.mybatis.spring.boot.autoconfigure.MybatisProperties' of type [org.mybatis.spring.boot.autoconfigure.MybatisProperties] is not eligible for getting processed by all BeanPostProcessors (for example: not eligible for auto-proxying)
2019-10-30 15:42:21.598  INFO 16048 --- [restartedMain] trationDelegate$BeanPostProcessorChecker : Bean 'org.mybatis.spring.boot.autoconfigure.MybatisAutoConfiguration' of type [org.mybatis.spring.boot.autoconfigure.MybatisAutoConfiguration$$EnhancerBySpringCGLIB$$e7dfad54] is not eligible for getting processed by all BeanPostProcessors (for example: not eligible for auto-proxying)
2019-10-30 15:42:21.606  INFO 16048 --- [restartedMain] trationDelegate$BeanPostProcessorChecker : Bean 'org.springframework.boot.autoconfigure.jdbc.DataSourceConfiguration$Generic' of type [org.springframework.boot.autoconfigure.jdbc.DataSourceConfiguration$Generic] is not eligible for getting processed by all BeanPostProcessors (for example: not eligible for auto-proxying)
2019-10-30 15:42:21.643  INFO 16048 --- [restartedMain] trationDelegate$BeanPostProcessorChecker : Bean 'spring.datasource-org.springframework.boot.autoconfigure.jdbc.DataSourceProperties' of type [org.springframework.boot.autoconfigure.jdbc.DataSourceProperties] is not eligible for getting processed by all BeanPostProcessors (for example: not eligible for auto-proxying)
2019-10-30 15:42:21.772  INFO 16048 --- [restartedMain] trationDelegate$BeanPostProcessorChecker : Bean 'dataSource' of type [com.alibaba.druid.pool.DruidDataSource] is not eligible for getting processed by all BeanPostProcessors (for example: not eligible for auto-proxying)
2019-10-30 15:42:21.832  INFO 16048 --- [restartedMain] trationDelegate$BeanPostProcessorChecker : Bean 'org.springframework.boot.autoconfigure.jdbc.DataSourceInitializerInvoker' of type [org.springframework.boot.autoconfigure.jdbc.DataSourceInitializerInvoker] is not eligible for getting processed by all BeanPostProcessors (for example: not eligible for auto-proxying)
2019-10-30 15:42:21.906  INFO 16048 --- [restartedMain] trationDelegate$BeanPostProcessorChecker : Bean 'sqlSessionFactory' of type [org.apache.ibatis.session.defaults.DefaultSqlSessionFactory] is not eligible for getting processed by all BeanPostProcessors (for example: not eligible for auto-proxying)
2019-10-30 15:42:21.926  INFO 16048 --- [restartedMain] trationDelegate$BeanPostProcessorChecker : Bean 'sqlSessionTemplate' of type [org.mybatis.spring.SqlSessionTemplate] is not eligible for getting processed by all BeanPostProcessors (for example: not eligible for auto-proxying)
2019-10-30 15:42:21.979  INFO 16048 --- [restartedMain] trationDelegate$BeanPostProcessorChecker : Bean 'readermapper' of type [org.mybatis.spring.mapper.MapperFactoryBean] is not eligible for getting processed by all BeanPostProcessors (for example: not eligible for auto-proxying)
2019-10-30 15:42:21.986  INFO 16048 --- [restartedMain] trationDelegate$BeanPostProcessorChecker : Bean 'readermapper' of type [com.sun.proxy.$Proxy62] is not eligible for getting processed by all BeanPostProcessors (for example: not eligible for auto-proxying)
2019-10-30 15:42:21.991  INFO 16048 --- [restartedMain] trationDelegate$BeanPostProcessorChecker : Bean 'realm' of type [com.community.compont.shiro.Realm] is not eligible for getting processed by all BeanPostProcessors (for example: not eligible for auto-proxying)
2019-10-30 15:42:23.257  INFO 16048 --- [restartedMain] trationDelegate$BeanPostProcessorChecker : Bean 'securityManager' of type [org.apache.shiro.web.mgt.DefaultWebSecurityManager] is not eligible for getting processed by all BeanPostProcessors (for example: not eligible for auto-proxying)
2019-10-30 15:42:24.411  INFO 16048 --- [restartedMain] o.s.b.w.embedded.tomcat.TomcatWebServer  : Tomcat initialized with port(s): 8080 (http)
2019-10-30 15:42:24.513  INFO 16048 --- [restartedMain] o.apache.catalina.core.StandardService   : Starting service [Tomcat]
2019-10-30 15:42:24.513  INFO 16048 --- [restartedMain] org.apache.catalina.core.StandardEngine  : Starting Servlet Engine: Apache Tomcat/8.5.28
2019-10-30 15:42:24.539  INFO 16048 --- [localhost-startStop-1] o.a.catalina.core.AprLifecycleListener   : The APR based Apache Tomcat Native library which allows optimal performance in production environments was not found on the java.library.path: [G:\Java\jdk1.8.0_131\bin;C:\WINDOWS\Sun\Java\bin;C:\WINDOWS\system32;C:\WINDOWS;G:/Java/jdk1.8.0_131/bin/../jre/bin/server;G:/Java/jdk1.8.0_131/bin/../jre/bin;G:/Java/jdk1.8.0_131/bin/../jre/lib/amd64;C:\Windows\System32;C:\Users\Lenovo\AppData\Local\Microsoft\WindowsApps;G:\Java\jdk1.8.0_131\bin;G:\Android\platform-tools;G:\Android\tools;G:\application\Tomcat7.0\Tomcat7.0\bin;G:\apache-maven-3.6.1\bin;I:\java\eclipse;;.]
2019-10-30 15:42:24.822  INFO 16048 --- [localhost-startStop-1] o.a.c.c.C.[Tomcat].[localhost].[/]       : Initializing Spring embedded WebApplicationContext
2019-10-30 15:42:24.822  INFO 16048 --- [localhost-startStop-1] o.s.web.context.ContextLoader            : Root WebApplicationContext: initialization completed in 6903 ms
2019-10-30 15:42:25.630  INFO 16048 --- [localhost-startStop-1] o.s.b.w.servlet.ServletRegistrationBean  : Servlet dispatcherServlet mapped to [/]
2019-10-30 15:42:25.658  INFO 16048 --- [localhost-startStop-1] o.s.b.w.servlet.FilterRegistrationBean   : Mapping filter: 'characterEncodingFilter' to: [/*]
2019-10-30 15:42:25.675  INFO 16048 --- [localhost-startStop-1] o.s.b.w.servlet.FilterRegistrationBean   : Mapping filter: 'hiddenHttpMethodFilter' to: [/*]
2019-10-30 15:42:25.680  INFO 16048 --- [localhost-startStop-1] o.s.b.w.servlet.FilterRegistrationBean   : Mapping filter: 'httpPutFormContentFilter' to: [/*]
2019-10-30 15:42:25.685  INFO 16048 --- [localhost-startStop-1] o.s.b.w.servlet.FilterRegistrationBean   : Mapping filter: 'requestContextFilter' to: [/*]
2019-10-30 15:42:25.688  INFO 16048 --- [localhost-startStop-1] o.s.b.w.servlet.FilterRegistrationBean   : Mapping filter: 'factoryBean' to: [/*]
2019-10-30 15:42:27.916  INFO 16048 --- [restartedMain] s.w.s.m.m.a.RequestMappingHandlerAdapter : Looking for @ControllerAdvice: org.springframework.boot.web.servlet.context.AnnotationConfigServletWebServerApplicationContext@1be6e42d: startup date [Wed Oct 30 15:42:17 CST 2019]; root of context hierarchy
2019-10-30 15:42:28.265  INFO 16048 --- [restartedMain] s.w.s.m.m.a.RequestMappingHandlerMapping : Mapped "{[/]}" onto public java.lang.String com.community.controller.Articlecontroller.index(org.springframework.ui.Model)
2019-10-30 15:42:28.269  INFO 16048 --- [restartedMain] s.w.s.m.m.a.RequestMappingHandlerMapping : Mapped "{[/check/addarticle],methods=[POST]}" onto public java.lang.String com.community.controller.Articlecontroller.addarticle(com.community.pojo.Article,javax.servlet.http.HttpSession)
2019-10-30 15:42:28.271  INFO 16048 --- [restartedMain] s.w.s.m.m.a.RequestMappingHandlerMapping : Mapped "{[/pages{index}],methods=[GET]}" onto private java.lang.String com.community.controller.Articlecontroller.pagesindex(int,org.springframework.ui.Model)
2019-10-30 15:42:28.272  INFO 16048 --- [restartedMain] s.w.s.m.m.a.RequestMappingHandlerMapping : Mapped "{[/toaddarticle],methods=[GET]}" onto private java.lang.String com.community.controller.Articlecontroller.toaddarticle()
2019-10-30 15:42:28.279  INFO 16048 --- [restartedMain] s.w.s.m.m.a.RequestMappingHandlerMapping : Mapped "{[/send_comment],methods=[POST]}" onto private java.lang.String com.community.controller.Commentcontroller.send_comment(java.lang.String,int)
2019-10-30 15:42:28.283  INFO 16048 --- [restartedMain] s.w.s.m.m.a.RequestMappingHandlerMapping : Mapped "{[/secondary_comment],methods=[POST]}" onto private java.util.List<com.community.pojo.Comment> com.community.controller.Commentcontroller.Secondary_comment(java.lang.String,java.lang.String,org.springframework.ui.Model)
2019-10-30 15:42:28.288  INFO 16048 --- [restartedMain] s.w.s.m.m.a.RequestMappingHandlerMapping : Mapped "{[/send_secondary_comment],methods=[POST]}" onto private java.lang.String com.community.controller.Commentcontroller.send_secondary_comment(java.lang.String,int,int)
2019-10-30 15:42:28.290  INFO 16048 --- [restartedMain] s.w.s.m.m.a.RequestMappingHandlerMapping : Mapped "{[/Statistics],methods=[GET]}" onto public java.lang.String com.community.controller.DataStatistics.Statistics()
2019-10-30 15:42:28.291  INFO 16048 --- [restartedMain] s.w.s.m.m.a.RequestMappingHandlerMapping : Mapped "{[/pic/upload]}" onto private com.community.pojo.Fileload com.community.controller.Fileloadcontroller.picload(javax.servlet.http.HttpServletRequest)
2019-10-30 15:42:28.297  INFO 16048 --- [restartedMain] s.w.s.m.m.a.RequestMappingHandlerMapping : Mapped "{[/register],methods=[POST]}" onto public java.lang.String com.community.controller.Login_register.register(com.community.pojo.Reader)
2019-10-30 15:42:28.298  INFO 16048 --- [restartedMain] s.w.s.m.m.a.RequestMappingHandlerMapping : Mapped "{[/registerpage],methods=[GET]}" onto public java.lang.String com.community.controller.Login_register.registerpage()
2019-10-30 15:42:28.299  INFO 16048 --- [restartedMain] s.w.s.m.m.a.RequestMappingHandlerMapping : Mapped "{[/login],methods=[POST]}" onto public java.lang.String com.community.controller.Login_register.login(com.community.pojo.Reader,org.springframework.ui.Model,javax.servlet.http.HttpSession)
2019-10-30 15:42:28.300  INFO 16048 --- [restartedMain] s.w.s.m.m.a.RequestMappingHandlerMapping : Mapped "{[/loginpage],methods=[GET]}" onto public java.lang.String com.community.controller.Login_register.loginpage()
2019-10-30 15:42:28.301  INFO 16048 --- [restartedMain] s.w.s.m.m.a.RequestMappingHandlerMapping : Mapped "{[/massage]}" onto public java.lang.String com.community.controller.Massage_controller.persional()
2019-10-30 15:42:28.303  INFO 16048 --- [restartedMain] s.w.s.m.m.a.RequestMappingHandlerMapping : Mapped "{[/newreply],methods=[GET]}" onto private java.lang.String com.community.controller.persional.New_Reply.Newreply(int,org.springframework.ui.Model)
2019-10-30 15:42:28.305  INFO 16048 --- [restartedMain] s.w.s.m.m.a.RequestMappingHandlerMapping : Mapped "{[/persional],methods=[GET]}" onto private java.lang.String com.community.controller.persional.Personal.pagesindex(int,org.springframework.ui.Model)
2019-10-30 15:42:28.306  INFO 16048 --- [restartedMain] s.w.s.m.m.a.RequestMappingHandlerMapping : Mapped "{[/detail],methods=[GET]}" onto private java.lang.String com.community.controller.persional.Personal.details(int,int,int,org.springframework.ui.Model)
2019-10-30 15:42:28.307  INFO 16048 --- [restartedMain] s.w.s.m.m.a.RequestMappingHandlerMapping : Mapped "{[/showtags],methods=[GET]}" onto private java.util.List<com.community.pojo.Tags> com.community.controller.Tagsconntroller.showtags(java.lang.String)
2019-10-30 15:42:28.311  INFO 16048 --- [restartedMain] s.w.s.m.m.a.RequestMappingHandlerMapping : Mapped "{[/updatearticle],methods=[GET]}" onto public java.lang.String com.community.controller.Update_article.update(java.lang.Integer,org.springframework.ui.Model)
2019-10-30 15:42:28.340  INFO 16048 --- [restartedMain] s.w.s.m.m.a.RequestMappingHandlerMapping : Mapped "{[/error]}" onto public org.springframework.http.ResponseEntity<java.util.Map<java.lang.String, java.lang.Object>> org.springframework.boot.autoconfigure.web.servlet.error.BasicErrorController.error(javax.servlet.http.HttpServletRequest)
2019-10-30 15:42:28.346  INFO 16048 --- [restartedMain] s.w.s.m.m.a.RequestMappingHandlerMapping : Mapped "{[/error],produces=[text/html]}" onto public org.springframework.web.servlet.ModelAndView org.springframework.boot.autoconfigure.web.servlet.error.BasicErrorController.errorHtml(javax.servlet.http.HttpServletRequest,javax.servlet.http.HttpServletResponse)
2019-10-30 15:42:28.484  INFO 16048 --- [restartedMain] o.s.w.s.handler.SimpleUrlHandlerMapping  : Mapped URL path [/webjars/**] onto handler of type [class org.springframework.web.servlet.resource.ResourceHttpRequestHandler]
2019-10-30 15:42:28.485  INFO 16048 --- [restartedMain] o.s.w.s.handler.SimpleUrlHandlerMapping  : Mapped URL path [/**] onto handler of type [class org.springframework.web.servlet.resource.ResourceHttpRequestHandler]
2019-10-30 15:42:28.630  INFO 16048 --- [restartedMain] o.s.w.s.handler.SimpleUrlHandlerMapping  : Mapped URL path [/**/favicon.ico] onto handler of type [class org.springframework.web.servlet.resource.ResourceHttpRequestHandler]
2019-10-30 15:42:28.856  INFO 16048 --- [restartedMain] o.s.b.a.w.s.WelcomePageHandlerMapping    : Adding welcome page template: index
2019-10-30 15:42:29.429  INFO 16048 --- [restartedMain] o.s.b.d.a.OptionalLiveReloadServer       : LiveReload server is running on port 35729
2019-10-30 15:42:29.607  INFO 16048 --- [restartedMain] o.s.j.e.a.AnnotationMBeanExporter        : Registering beans for JMX exposure on startup
2019-10-30 15:42:29.616  INFO 16048 --- [restartedMain] o.s.j.e.a.AnnotationMBeanExporter        : Bean with name 'dataSource' has been autodetected for JMX exposure
2019-10-30 15:42:29.632  INFO 16048 --- [restartedMain] o.s.j.e.a.AnnotationMBeanExporter        : Located MBean 'dataSource': registering with JMX server as MBean [com.alibaba.druid.pool:name=dataSource,type=DruidDataSource]
2019-10-30 15:42:29.788  INFO 16048 --- [restartedMain] o.s.b.w.embedded.tomcat.TomcatWebServer  : Tomcat started on port(s): 8080 (http) with context path ''
2019-10-30 15:42:29.799  INFO 16048 --- [restartedMain] com.community.Community                  : Started Community in 13.82 seconds (JVM running for 15.823)
2019-10-30 15:43:09.883  INFO 16048 --- [http-nio-8080-exec-1] o.a.c.c.C.[Tomcat].[localhost].[/]       : Initializing Spring FrameworkServlet 'dispatcherServlet'
2019-10-30 15:43:09.885  INFO 16048 --- [http-nio-8080-exec-1] o.s.web.servlet.DispatcherServlet        : FrameworkServlet 'dispatcherServlet': initialization started
2019-10-30 15:43:10.315  INFO 16048 --- [http-nio-8080-exec-1] o.s.web.servlet.DispatcherServlet        : FrameworkServlet 'dispatcherServlet': initialization completed in 424 ms
2019-10-30 15:43:11.100  INFO 16048 --- [http-nio-8080-exec-1] com.alibaba.druid.pool.DruidDataSource   : {dataSource-1} inited
2019-10-30 17:26:18.281  INFO 5860 --- [restartedMain] com.community.Community                  : Starting Community on DESKTOP-F1R7UV6 with PID 5860 (G:\Java\jdk1.8.0_131\Community\target\classes started by Lenovo in G:\Java\jdk1.8.0_131\Community)
2019-10-30 17:26:18.286  INFO 5860 --- [restartedMain] com.community.Community                  : No active profile set, falling back to default profiles: default
2019-10-30 17:26:18.595  INFO 5860 --- [restartedMain] ConfigServletWebServerApplicationContext : Refreshing org.springframework.boot.web.servlet.context.AnnotationConfigServletWebServerApplicationContext@70999397: startup date [Wed Oct 30 17:26:18 CST 2019]; root of context hierarchy
2019-10-30 17:26:22.271  INFO 5860 --- [restartedMain] trationDelegate$BeanPostProcessorChecker : Bean 'shiroconfig' of type [com.community.compont.shiro.Shiroconfig$$EnhancerBySpringCGLIB$$7e207fff] is not eligible for getting processed by all BeanPostProcessors (for example: not eligible for auto-proxying)
2019-10-30 17:26:22.283  INFO 5860 --- [restartedMain] trationDelegate$BeanPostProcessorChecker : Bean 'org.springframework.transaction.annotation.ProxyTransactionManagementConfiguration' of type [org.springframework.transaction.annotation.ProxyTransactionManagementConfiguration$$EnhancerBySpringCGLIB$$45babfde] is not eligible for getting processed by all BeanPostProcessors (for example: not eligible for auto-proxying)
2019-10-30 17:26:22.445  INFO 5860 --- [restartedMain] trationDelegate$BeanPostProcessorChecker : Bean 'org.springframework.boot.context.properties.ConversionServiceDeducer$Factory' of type [org.springframework.boot.context.properties.ConversionServiceDeducer$Factory] is not eligible for getting processed by all BeanPostProcessors (for example: not eligible for auto-proxying)
2019-10-30 17:26:22.472  INFO 5860 --- [restartedMain] trationDelegate$BeanPostProcessorChecker : Bean 'mybatis-org.mybatis.spring.boot.autoconfigure.MybatisProperties' of type [org.mybatis.spring.boot.autoconfigure.MybatisProperties] is not eligible for getting processed by all BeanPostProcessors (for example: not eligible for auto-proxying)
2019-10-30 17:26:22.491  INFO 5860 --- [restartedMain] trationDelegate$BeanPostProcessorChecker : Bean 'org.mybatis.spring.boot.autoconfigure.MybatisAutoConfiguration' of type [org.mybatis.spring.boot.autoconfigure.MybatisAutoConfiguration$$EnhancerBySpringCGLIB$$788f110e] is not eligible for getting processed by all BeanPostProcessors (for example: not eligible for auto-proxying)
2019-10-30 17:26:22.500  INFO 5860 --- [restartedMain] trationDelegate$BeanPostProcessorChecker : Bean 'org.springframework.boot.autoconfigure.jdbc.DataSourceConfiguration$Generic' of type [org.springframework.boot.autoconfigure.jdbc.DataSourceConfiguration$Generic] is not eligible for getting processed by all BeanPostProcessors (for example: not eligible for auto-proxying)
2019-10-30 17:26:22.538  INFO 5860 --- [restartedMain] trationDelegate$BeanPostProcessorChecker : Bean 'spring.datasource-org.springframework.boot.autoconfigure.jdbc.DataSourceProperties' of type [org.springframework.boot.autoconfigure.jdbc.DataSourceProperties] is not eligible for getting processed by all BeanPostProcessors (for example: not eligible for auto-proxying)
2019-10-30 17:26:22.650  INFO 5860 --- [restartedMain] trationDelegate$BeanPostProcessorChecker : Bean 'dataSource' of type [com.alibaba.druid.pool.DruidDataSource] is not eligible for getting processed by all BeanPostProcessors (for example: not eligible for auto-proxying)
2019-10-30 17:26:22.715  INFO 5860 --- [restartedMain] trationDelegate$BeanPostProcessorChecker : Bean 'org.springframework.boot.autoconfigure.jdbc.DataSourceInitializerInvoker' of type [org.springframework.boot.autoconfigure.jdbc.DataSourceInitializerInvoker] is not eligible for getting processed by all BeanPostProcessors (for example: not eligible for auto-proxying)
2019-10-30 17:26:22.803  INFO 5860 --- [restartedMain] trationDelegate$BeanPostProcessorChecker : Bean 'sqlSessionFactory' of type [org.apache.ibatis.session.defaults.DefaultSqlSessionFactory] is not eligible for getting processed by all BeanPostProcessors (for example: not eligible for auto-proxying)
2019-10-30 17:26:22.825  INFO 5860 --- [restartedMain] trationDelegate$BeanPostProcessorChecker : Bean 'sqlSessionTemplate' of type [org.mybatis.spring.SqlSessionTemplate] is not eligible for getting processed by all BeanPostProcessors (for example: not eligible for auto-proxying)
2019-10-30 17:26:22.892  INFO 5860 --- [restartedMain] trationDelegate$BeanPostProcessorChecker : Bean 'readermapper' of type [org.mybatis.spring.mapper.MapperFactoryBean] is not eligible for getting processed by all BeanPostProcessors (for example: not eligible for auto-proxying)
2019-10-30 17:26:22.896  INFO 5860 --- [restartedMain] trationDelegate$BeanPostProcessorChecker : Bean 'readermapper' of type [com.sun.proxy.$Proxy62] is not eligible for getting processed by all BeanPostProcessors (for example: not eligible for auto-proxying)
2019-10-30 17:26:22.903  INFO 5860 --- [restartedMain] trationDelegate$BeanPostProcessorChecker : Bean 'realm' of type [com.community.compont.shiro.Realm] is not eligible for getting processed by all BeanPostProcessors (for example: not eligible for auto-proxying)
2019-10-30 17:26:23.852  INFO 5860 --- [restartedMain] trationDelegate$BeanPostProcessorChecker : Bean 'securityManager' of type [org.apache.shiro.web.mgt.DefaultWebSecurityManager] is not eligible for getting processed by all BeanPostProcessors (for example: not eligible for auto-proxying)
2019-10-30 17:26:26.226  INFO 5860 --- [restartedMain] o.s.b.w.embedded.tomcat.TomcatWebServer  : Tomcat initialized with port(s): 8080 (http)
2019-10-30 17:26:26.412  INFO 5860 --- [restartedMain] o.apache.catalina.core.StandardService   : Starting service [Tomcat]
2019-10-30 17:26:26.419  INFO 5860 --- [restartedMain] org.apache.catalina.core.StandardEngine  : Starting Servlet Engine: Apache Tomcat/8.5.28
2019-10-30 17:26:26.478  INFO 5860 --- [localhost-startStop-1] o.a.catalina.core.AprLifecycleListener   : The APR based Apache Tomcat Native library which allows optimal performance in production environments was not found on the java.library.path: [G:\Java\jdk1.8.0_131\bin;C:\WINDOWS\Sun\Java\bin;C:\WINDOWS\system32;C:\WINDOWS;G:/Java/jdk1.8.0_131/bin/../jre/bin/server;G:/Java/jdk1.8.0_131/bin/../jre/bin;G:/Java/jdk1.8.0_131/bin/../jre/lib/amd64;C:\Windows\System32;C:\Users\Lenovo\AppData\Local\Microsoft\WindowsApps;G:\Java\jdk1.8.0_131\bin;G:\Android\platform-tools;G:\Android\tools;G:\application\Tomcat7.0\Tomcat7.0\bin;G:\apache-maven-3.6.1\bin;I:\java\eclipse;;.]
2019-10-30 17:26:27.223  INFO 5860 --- [localhost-startStop-1] o.a.c.c.C.[Tomcat].[localhost].[/]       : Initializing Spring embedded WebApplicationContext
2019-10-30 17:26:27.227  INFO 5860 --- [localhost-startStop-1] o.s.web.context.ContextLoader            : Root WebApplicationContext: initialization completed in 8633 ms
2019-10-30 17:26:27.959  INFO 5860 --- [localhost-startStop-1] o.s.b.w.servlet.ServletRegistrationBean  : Servlet dispatcherServlet mapped to [/]
2019-10-30 17:26:27.970  INFO 5860 --- [localhost-startStop-1] o.s.b.w.servlet.FilterRegistrationBean   : Mapping filter: 'characterEncodingFilter' to: [/*]
2019-10-30 17:26:27.971  INFO 5860 --- [localhost-startStop-1] o.s.b.w.servlet.FilterRegistrationBean   : Mapping filter: 'hiddenHttpMethodFilter' to: [/*]
2019-10-30 17:26:27.972  INFO 5860 --- [localhost-startStop-1] o.s.b.w.servlet.FilterRegistrationBean   : Mapping filter: 'httpPutFormContentFilter' to: [/*]
2019-10-30 17:26:27.973  INFO 5860 --- [localhost-startStop-1] o.s.b.w.servlet.FilterRegistrationBean   : Mapping filter: 'requestContextFilter' to: [/*]
2019-10-30 17:26:27.976  INFO 5860 --- [localhost-startStop-1] o.s.b.w.servlet.FilterRegistrationBean   : Mapping filter: 'factoryBean' to: [/*]
2019-10-30 17:26:29.165  INFO 5860 --- [restartedMain] s.w.s.m.m.a.RequestMappingHandlerAdapter : Looking for @ControllerAdvice: org.springframework.boot.web.servlet.context.AnnotationConfigServletWebServerApplicationContext@70999397: startup date [Wed Oct 30 17:26:18 CST 2019]; root of context hierarchy
2019-10-30 17:26:29.330  INFO 5860 --- [restartedMain] s.w.s.m.m.a.RequestMappingHandlerMapping : Mapped "{[/]}" onto public java.lang.String com.community.controller.Articlecontroller.index(org.springframework.ui.Model)
2019-10-30 17:26:29.334  INFO 5860 --- [restartedMain] s.w.s.m.m.a.RequestMappingHandlerMapping : Mapped "{[/pages{index}],methods=[GET]}" onto private java.lang.String com.community.controller.Articlecontroller.pagesindex(int,org.springframework.ui.Model)
2019-10-30 17:26:29.337  INFO 5860 --- [restartedMain] s.w.s.m.m.a.RequestMappingHandlerMapping : Mapped "{[/toaddarticle],methods=[GET]}" onto private java.lang.String com.community.controller.Articlecontroller.toaddarticle()
2019-10-30 17:26:29.337  INFO 5860 --- [restartedMain] s.w.s.m.m.a.RequestMappingHandlerMapping : Mapped "{[/check/addarticle],methods=[POST]}" onto public java.lang.String com.community.controller.Articlecontroller.addarticle(com.community.pojo.Article,javax.servlet.http.HttpSession)
2019-10-30 17:26:29.339  INFO 5860 --- [restartedMain] s.w.s.m.m.a.RequestMappingHandlerMapping : Mapped "{[/secondary_comment],methods=[POST]}" onto private java.util.List<com.community.pojo.Comment> com.community.controller.Commentcontroller.Secondary_comment(java.lang.String,java.lang.String,org.springframework.ui.Model)
2019-10-30 17:26:29.341  INFO 5860 --- [restartedMain] s.w.s.m.m.a.RequestMappingHandlerMapping : Mapped "{[/send_secondary_comment],methods=[POST]}" onto private java.lang.String com.community.controller.Commentcontroller.send_secondary_comment(java.lang.String,int,int)
2019-10-30 17:26:29.343  INFO 5860 --- [restartedMain] s.w.s.m.m.a.RequestMappingHandlerMapping : Mapped "{[/send_comment],methods=[POST]}" onto private java.lang.String com.community.controller.Commentcontroller.send_comment(java.lang.String,int)
2019-10-30 17:26:29.347  INFO 5860 --- [restartedMain] s.w.s.m.m.a.RequestMappingHandlerMapping : Mapped "{[/Statistics],methods=[GET]}" onto public java.lang.String com.community.controller.DataStatistics.Statistics()
2019-10-30 17:26:29.349  INFO 5860 --- [restartedMain] s.w.s.m.m.a.RequestMappingHandlerMapping : Mapped "{[/pic/upload]}" onto private com.community.pojo.Fileload com.community.controller.Fileloadcontroller.picload(javax.servlet.http.HttpServletRequest)
2019-10-30 17:26:29.352  INFO 5860 --- [restartedMain] s.w.s.m.m.a.RequestMappingHandlerMapping : Mapped "{[/register],methods=[POST]}" onto public java.lang.String com.community.controller.Login_register.register(com.community.pojo.Reader)
2019-10-30 17:26:29.353  INFO 5860 --- [restartedMain] s.w.s.m.m.a.RequestMappingHandlerMapping : Mapped "{[/registerpage],methods=[GET]}" onto public java.lang.String com.community.controller.Login_register.registerpage()
2019-10-30 17:26:29.354  INFO 5860 --- [restartedMain] s.w.s.m.m.a.RequestMappingHandlerMapping : Mapped "{[/loginpage],methods=[GET]}" onto public java.lang.String com.community.controller.Login_register.loginpage()
2019-10-30 17:26:29.355  INFO 5860 --- [restartedMain] s.w.s.m.m.a.RequestMappingHandlerMapping : Mapped "{[/login],methods=[POST]}" onto public java.lang.String com.community.controller.Login_register.login(com.community.pojo.Reader,org.springframework.ui.Model,javax.servlet.http.HttpSession)
2019-10-30 17:26:29.359  INFO 5860 --- [restartedMain] s.w.s.m.m.a.RequestMappingHandlerMapping : Mapped "{[/massage]}" onto public java.lang.String com.community.controller.Massage_controller.persional()
2019-10-30 17:26:29.363  INFO 5860 --- [restartedMain] s.w.s.m.m.a.RequestMappingHandlerMapping : Mapped "{[/newreply],methods=[GET]}" onto private java.lang.String com.community.controller.persional.New_Reply.Newreply(int,org.springframework.ui.Model)
2019-10-30 17:26:29.366  INFO 5860 --- [restartedMain] s.w.s.m.m.a.RequestMappingHandlerMapping : Mapped "{[/detail],methods=[GET]}" onto private java.lang.String com.community.controller.persional.Personal.details(int,int,int,org.springframework.ui.Model)
2019-10-30 17:26:29.369  INFO 5860 --- [restartedMain] s.w.s.m.m.a.RequestMappingHandlerMapping : Mapped "{[/persional],methods=[GET]}" onto private java.lang.String com.community.controller.persional.Personal.pagesindex(int,org.springframework.ui.Model)
2019-10-30 17:26:29.370  INFO 5860 --- [restartedMain] s.w.s.m.m.a.RequestMappingHandlerMapping : Mapped "{[/showtags],methods=[GET]}" onto private java.util.List<com.community.pojo.Tags> com.community.controller.Tagsconntroller.showtags(java.lang.String)
2019-10-30 17:26:29.372  INFO 5860 --- [restartedMain] s.w.s.m.m.a.RequestMappingHandlerMapping : Mapped "{[/updatearticle],methods=[GET]}" onto public java.lang.String com.community.controller.Update_article.update(java.lang.Integer,org.springframework.ui.Model)
2019-10-30 17:26:29.381  INFO 5860 --- [restartedMain] s.w.s.m.m.a.RequestMappingHandlerMapping : Mapped "{[/error]}" onto public org.springframework.http.ResponseEntity<java.util.Map<java.lang.String, java.lang.Object>> org.springframework.boot.autoconfigure.web.servlet.error.BasicErrorController.error(javax.servlet.http.HttpServletRequest)
2019-10-30 17:26:29.387  INFO 5860 --- [restartedMain] s.w.s.m.m.a.RequestMappingHandlerMapping : Mapped "{[/error],produces=[text/html]}" onto public org.springframework.web.servlet.ModelAndView org.springframework.boot.autoconfigure.web.servlet.error.BasicErrorController.errorHtml(javax.servlet.http.HttpServletRequest,javax.servlet.http.HttpServletResponse)
2019-10-30 17:26:29.452  INFO 5860 --- [restartedMain] o.s.w.s.handler.SimpleUrlHandlerMapping  : Mapped URL path [/webjars/**] onto handler of type [class org.springframework.web.servlet.resource.ResourceHttpRequestHandler]
2019-10-30 17:26:29.453  INFO 5860 --- [restartedMain] o.s.w.s.handler.SimpleUrlHandlerMapping  : Mapped URL path [/**] onto handler of type [class org.springframework.web.servlet.resource.ResourceHttpRequestHandler]
2019-10-30 17:26:29.541  INFO 5860 --- [restartedMain] o.s.w.s.handler.SimpleUrlHandlerMapping  : Mapped URL path [/**/favicon.ico] onto handler of type [class org.springframework.web.servlet.resource.ResourceHttpRequestHandler]
2019-10-30 17:26:29.698  INFO 5860 --- [restartedMain] o.s.b.a.w.s.WelcomePageHandlerMapping    : Adding welcome page template: index
2019-10-30 17:26:30.115  INFO 5860 --- [restartedMain] o.s.b.d.a.OptionalLiveReloadServer       : LiveReload server is running on port 35729
2019-10-30 17:26:30.210  INFO 5860 --- [restartedMain] o.s.j.e.a.AnnotationMBeanExporter        : Registering beans for JMX exposure on startup
2019-10-30 17:26:30.213  INFO 5860 --- [restartedMain] o.s.j.e.a.AnnotationMBeanExporter        : Bean with name 'dataSource' has been autodetected for JMX exposure
2019-10-30 17:26:30.230  INFO 5860 --- [restartedMain] o.s.j.e.a.AnnotationMBeanExporter        : Located MBean 'dataSource': registering with JMX server as MBean [com.alibaba.druid.pool:name=dataSource,type=DruidDataSource]
2019-10-30 17:26:30.304  INFO 5860 --- [restartedMain] o.s.b.w.embedded.tomcat.TomcatWebServer  : Tomcat started on port(s): 8080 (http) with context path ''
2019-10-30 17:26:30.310  INFO 5860 --- [restartedMain] com.community.Community                  : Started Community in 13.863 seconds (JVM running for 16.383)
2019-10-30 17:26:36.298  INFO 5860 --- [http-nio-8080-exec-1] o.a.c.c.C.[Tomcat].[localhost].[/]       : Initializing Spring FrameworkServlet 'dispatcherServlet'
2019-10-30 17:26:36.302  INFO 5860 --- [http-nio-8080-exec-1] o.s.web.servlet.DispatcherServlet        : FrameworkServlet 'dispatcherServlet': initialization started
2019-10-30 17:26:36.552  INFO 5860 --- [http-nio-8080-exec-1] o.s.web.servlet.DispatcherServlet        : FrameworkServlet 'dispatcherServlet': initialization completed in 248 ms
2019-10-30 17:26:47.826  INFO 5860 --- [http-nio-8080-exec-3] com.alibaba.druid.pool.DruidDataSource   : {dataSource-1} inited
2019-10-30 17:35:56.520  INFO 980 --- [restartedMain] com.community.Community                  : Starting Community on DESKTOP-F1R7UV6 with PID 980 (G:\Java\jdk1.8.0_131\Community\target\classes started by Lenovo in G:\Java\jdk1.8.0_131\Community)
2019-10-30 17:35:56.525  INFO 980 --- [restartedMain] com.community.Community                  : No active profile set, falling back to default profiles: default
2019-10-30 17:35:56.805  INFO 980 --- [restartedMain] ConfigServletWebServerApplicationContext : Refreshing org.springframework.boot.web.servlet.context.AnnotationConfigServletWebServerApplicationContext@79a4cdef: startup date [Wed Oct 30 17:35:56 CST 2019]; root of context hierarchy
2019-10-30 17:36:02.005  INFO 980 --- [restartedMain] trationDelegate$BeanPostProcessorChecker : Bean 'shiroconfig' of type [com.community.compont.shiro.Shiroconfig$$EnhancerBySpringCGLIB$$69d57628] is not eligible for getting processed by all BeanPostProcessors (for example: not eligible for auto-proxying)
2019-10-30 17:36:02.025  INFO 980 --- [restartedMain] trationDelegate$BeanPostProcessorChecker : Bean 'org.springframework.transaction.annotation.ProxyTransactionManagementConfiguration' of type [org.springframework.transaction.annotation.ProxyTransactionManagementConfiguration$$EnhancerBySpringCGLIB$$316fb607] is not eligible for getting processed by all BeanPostProcessors (for example: not eligible for auto-proxying)
2019-10-30 17:36:02.226  INFO 980 --- [restartedMain] trationDelegate$BeanPostProcessorChecker : Bean 'org.springframework.boot.context.properties.ConversionServiceDeducer$Factory' of type [org.springframework.boot.context.properties.ConversionServiceDeducer$Factory] is not eligible for getting processed by all BeanPostProcessors (for example: not eligible for auto-proxying)
2019-10-30 17:36:02.258  INFO 980 --- [restartedMain] trationDelegate$BeanPostProcessorChecker : Bean 'mybatis-org.mybatis.spring.boot.autoconfigure.MybatisProperties' of type [org.mybatis.spring.boot.autoconfigure.MybatisProperties] is not eligible for getting processed by all BeanPostProcessors (for example: not eligible for auto-proxying)
2019-10-30 17:36:02.291  INFO 980 --- [restartedMain] trationDelegate$BeanPostProcessorChecker : Bean 'org.mybatis.spring.boot.autoconfigure.MybatisAutoConfiguration' of type [org.mybatis.spring.boot.autoconfigure.MybatisAutoConfiguration$$EnhancerBySpringCGLIB$$64440737] is not eligible for getting processed by all BeanPostProcessors (for example: not eligible for auto-proxying)
2019-10-30 17:36:02.301  INFO 980 --- [restartedMain] trationDelegate$BeanPostProcessorChecker : Bean 'org.springframework.boot.autoconfigure.jdbc.DataSourceConfiguration$Generic' of type [org.springframework.boot.autoconfigure.jdbc.DataSourceConfiguration$Generic] is not eligible for getting processed by all BeanPostProcessors (for example: not eligible for auto-proxying)
2019-10-30 17:36:02.364  INFO 980 --- [restartedMain] trationDelegate$BeanPostProcessorChecker : Bean 'spring.datasource-org.springframework.boot.autoconfigure.jdbc.DataSourceProperties' of type [org.springframework.boot.autoconfigure.jdbc.DataSourceProperties] is not eligible for getting processed by all BeanPostProcessors (for example: not eligible for auto-proxying)
2019-10-30 17:36:02.550  INFO 980 --- [restartedMain] trationDelegate$BeanPostProcessorChecker : Bean 'dataSource' of type [com.alibaba.druid.pool.DruidDataSource] is not eligible for getting processed by all BeanPostProcessors (for example: not eligible for auto-proxying)
2019-10-30 17:36:02.627  INFO 980 --- [restartedMain] trationDelegate$BeanPostProcessorChecker : Bean 'org.springframework.boot.autoconfigure.jdbc.DataSourceInitializerInvoker' of type [org.springframework.boot.autoconfigure.jdbc.DataSourceInitializerInvoker] is not eligible for getting processed by all BeanPostProcessors (for example: not eligible for auto-proxying)
2019-10-30 17:36:02.792  INFO 980 --- [restartedMain] trationDelegate$BeanPostProcessorChecker : Bean 'sqlSessionFactory' of type [org.apache.ibatis.session.defaults.DefaultSqlSessionFactory] is not eligible for getting processed by all BeanPostProcessors (for example: not eligible for auto-proxying)
2019-10-30 17:36:02.817  INFO 980 --- [restartedMain] trationDelegate$BeanPostProcessorChecker : Bean 'sqlSessionTemplate' of type [org.mybatis.spring.SqlSessionTemplate] is not eligible for getting processed by all BeanPostProcessors (for example: not eligible for auto-proxying)
2019-10-30 17:36:02.882  INFO 980 --- [restartedMain] trationDelegate$BeanPostProcessorChecker : Bean 'readermapper' of type [org.mybatis.spring.mapper.MapperFactoryBean] is not eligible for getting processed by all BeanPostProcessors (for example: not eligible for auto-proxying)
2019-10-30 17:36:02.889  INFO 980 --- [restartedMain] trationDelegate$BeanPostProcessorChecker : Bean 'readermapper' of type [com.sun.proxy.$Proxy62] is not eligible for getting processed by all BeanPostProcessors (for example: not eligible for auto-proxying)
2019-10-30 17:36:02.896  INFO 980 --- [restartedMain] trationDelegate$BeanPostProcessorChecker : Bean 'realm' of type [com.community.compont.shiro.Realm] is not eligible for getting processed by all BeanPostProcessors (for example: not eligible for auto-proxying)
2019-10-30 17:36:04.117  INFO 980 --- [restartedMain] trationDelegate$BeanPostProcessorChecker : Bean 'securityManager' of type [org.apache.shiro.web.mgt.DefaultWebSecurityManager] is not eligible for getting processed by all BeanPostProcessors (for example: not eligible for auto-proxying)
2019-10-30 17:36:06.053  INFO 980 --- [restartedMain] o.s.b.w.embedded.tomcat.TomcatWebServer  : Tomcat initialized with port(s): 8080 (http)
2019-10-30 17:36:06.197  INFO 980 --- [restartedMain] o.apache.catalina.core.StandardService   : Starting service [Tomcat]
2019-10-30 17:36:06.202  INFO 980 --- [restartedMain] org.apache.catalina.core.StandardEngine  : Starting Servlet Engine: Apache Tomcat/8.5.28
2019-10-30 17:36:06.246  INFO 980 --- [localhost-startStop-1] o.a.catalina.core.AprLifecycleListener   : The APR based Apache Tomcat Native library which allows optimal performance in production environments was not found on the java.library.path: [G:\Java\jdk1.8.0_131\bin;C:\WINDOWS\Sun\Java\bin;C:\WINDOWS\system32;C:\WINDOWS;G:/Java/jdk1.8.0_131/bin/../jre/bin/server;G:/Java/jdk1.8.0_131/bin/../jre/bin;G:/Java/jdk1.8.0_131/bin/../jre/lib/amd64;C:\Windows\System32;C:\Users\Lenovo\AppData\Local\Microsoft\WindowsApps;G:\Java\jdk1.8.0_131\bin;G:\Android\platform-tools;G:\Android\tools;G:\application\Tomcat7.0\Tomcat7.0\bin;G:\apache-maven-3.6.1\bin;I:\java\eclipse;;.]
2019-10-30 17:36:06.749  INFO 980 --- [localhost-startStop-1] o.a.c.c.C.[Tomcat].[localhost].[/]       : Initializing Spring embedded WebApplicationContext
2019-10-30 17:36:06.750  INFO 980 --- [localhost-startStop-1] o.s.web.context.ContextLoader            : Root WebApplicationContext: initialization completed in 9945 ms
2019-10-30 17:36:07.412  INFO 980 --- [localhost-startStop-1] o.s.b.w.servlet.ServletRegistrationBean  : Servlet dispatcherServlet mapped to [/]
2019-10-30 17:36:07.429  INFO 980 --- [localhost-startStop-1] o.s.b.w.servlet.FilterRegistrationBean   : Mapping filter: 'characterEncodingFilter' to: [/*]
2019-10-30 17:36:07.430  INFO 980 --- [localhost-startStop-1] o.s.b.w.servlet.FilterRegistrationBean   : Mapping filter: 'hiddenHttpMethodFilter' to: [/*]
2019-10-30 17:36:07.434  INFO 980 --- [localhost-startStop-1] o.s.b.w.servlet.FilterRegistrationBean   : Mapping filter: 'httpPutFormContentFilter' to: [/*]
2019-10-30 17:36:07.435  INFO 980 --- [localhost-startStop-1] o.s.b.w.servlet.FilterRegistrationBean   : Mapping filter: 'requestContextFilter' to: [/*]
2019-10-30 17:36:07.435  INFO 980 --- [localhost-startStop-1] o.s.b.w.servlet.FilterRegistrationBean   : Mapping filter: 'factoryBean' to: [/*]
2019-10-30 17:36:08.787  INFO 980 --- [restartedMain] s.w.s.m.m.a.RequestMappingHandlerAdapter : Looking for @ControllerAdvice: org.springframework.boot.web.servlet.context.AnnotationConfigServletWebServerApplicationContext@79a4cdef: startup date [Wed Oct 30 17:35:56 CST 2019]; root of context hierarchy
2019-10-30 17:36:08.959  INFO 980 --- [restartedMain] s.w.s.m.m.a.RequestMappingHandlerMapping : Mapped "{[/]}" onto public java.lang.String com.community.controller.Articlecontroller.index(org.springframework.ui.Model)
2019-10-30 17:36:08.963  INFO 980 --- [restartedMain] s.w.s.m.m.a.RequestMappingHandlerMapping : Mapped "{[/pages{index}],methods=[GET]}" onto private java.lang.String com.community.controller.Articlecontroller.pagesindex(int,org.springframework.ui.Model)
2019-10-30 17:36:08.968  INFO 980 --- [restartedMain] s.w.s.m.m.a.RequestMappingHandlerMapping : Mapped "{[/toaddarticle],methods=[GET]}" onto private java.lang.String com.community.controller.Articlecontroller.toaddarticle()
2019-10-30 17:36:08.969  INFO 980 --- [restartedMain] s.w.s.m.m.a.RequestMappingHandlerMapping : Mapped "{[/check/addarticle],methods=[POST]}" onto public java.lang.String com.community.controller.Articlecontroller.addarticle(com.community.pojo.Article,javax.servlet.http.HttpSession)
2019-10-30 17:36:08.971  INFO 980 --- [restartedMain] s.w.s.m.m.a.RequestMappingHandlerMapping : Mapped "{[/send_comment],methods=[POST]}" onto private java.lang.String com.community.controller.Commentcontroller.send_comment(java.lang.String,int)
2019-10-30 17:36:08.974  INFO 980 --- [restartedMain] s.w.s.m.m.a.RequestMappingHandlerMapping : Mapped "{[/send_secondary_comment],methods=[POST]}" onto private java.lang.String com.community.controller.Commentcontroller.send_secondary_comment(java.lang.String,int,int)
2019-10-30 17:36:08.977  INFO 980 --- [restartedMain] s.w.s.m.m.a.RequestMappingHandlerMapping : Mapped "{[/secondary_comment],methods=[POST]}" onto private java.util.List<com.community.pojo.Comment> com.community.controller.Commentcontroller.Secondary_comment(java.lang.String,java.lang.String,org.springframework.ui.Model)
2019-10-30 17:36:08.981  INFO 980 --- [restartedMain] s.w.s.m.m.a.RequestMappingHandlerMapping : Mapped "{[/Statistics],methods=[GET]}" onto public java.lang.String com.community.controller.DataStatistics.Statistics()
2019-10-30 17:36:08.988  INFO 980 --- [restartedMain] s.w.s.m.m.a.RequestMappingHandlerMapping : Mapped "{[/pic/upload]}" onto private com.community.pojo.Fileload com.community.controller.Fileloadcontroller.picload(javax.servlet.http.HttpServletRequest)
2019-10-30 17:36:08.994  INFO 980 --- [restartedMain] s.w.s.m.m.a.RequestMappingHandlerMapping : Mapped "{[/register],methods=[POST]}" onto public java.lang.String com.community.controller.Login_register.register(com.community.pojo.Reader)
2019-10-30 17:36:08.996  INFO 980 --- [restartedMain] s.w.s.m.m.a.RequestMappingHandlerMapping : Mapped "{[/login],methods=[POST]}" onto public java.lang.String com.community.controller.Login_register.login(com.community.pojo.Reader,org.springframework.ui.Model,javax.servlet.http.HttpSession)
2019-10-30 17:36:08.997  INFO 980 --- [restartedMain] s.w.s.m.m.a.RequestMappingHandlerMapping : Mapped "{[/registerpage],methods=[GET]}" onto public java.lang.String com.community.controller.Login_register.registerpage()
2019-10-30 17:36:08.999  INFO 980 --- [restartedMain] s.w.s.m.m.a.RequestMappingHandlerMapping : Mapped "{[/loginpage],methods=[GET]}" onto public java.lang.String com.community.controller.Login_register.loginpage()
2019-10-30 17:36:09.000  INFO 980 --- [restartedMain] s.w.s.m.m.a.RequestMappingHandlerMapping : Mapped "{[/massage]}" onto public java.lang.String com.community.controller.Massage_controller.persional()
2019-10-30 17:36:09.002  INFO 980 --- [restartedMain] s.w.s.m.m.a.RequestMappingHandlerMapping : Mapped "{[/newreply],methods=[GET]}" onto private java.lang.String com.community.controller.persional.New_Reply.Newreply(int,org.springframework.ui.Model)
2019-10-30 17:36:09.003  INFO 980 --- [restartedMain] s.w.s.m.m.a.RequestMappingHandlerMapping : Mapped "{[/detail],methods=[GET]}" onto private java.lang.String com.community.controller.persional.Personal.details(int,int,int,org.springframework.ui.Model)
2019-10-30 17:36:09.004  INFO 980 --- [restartedMain] s.w.s.m.m.a.RequestMappingHandlerMapping : Mapped "{[/persional],methods=[GET]}" onto private java.lang.String com.community.controller.persional.Personal.pagesindex(int,org.springframework.ui.Model)
2019-10-30 17:36:09.006  INFO 980 --- [restartedMain] s.w.s.m.m.a.RequestMappingHandlerMapping : Mapped "{[/showtags],methods=[GET]}" onto private java.util.List<com.community.pojo.Tags> com.community.controller.Tagsconntroller.showtags(java.lang.String)
2019-10-30 17:36:09.007  INFO 980 --- [restartedMain] s.w.s.m.m.a.RequestMappingHandlerMapping : Mapped "{[/updatearticle],methods=[GET]}" onto public java.lang.String com.community.controller.Update_article.update(java.lang.Integer,org.springframework.ui.Model)
2019-10-30 17:36:09.030  INFO 980 --- [restartedMain] s.w.s.m.m.a.RequestMappingHandlerMapping : Mapped "{[/error]}" onto public org.springframework.http.ResponseEntity<java.util.Map<java.lang.String, java.lang.Object>> org.springframework.boot.autoconfigure.web.servlet.error.BasicErrorController.error(javax.servlet.http.HttpServletRequest)
2019-10-30 17:36:09.034  INFO 980 --- [restartedMain] s.w.s.m.m.a.RequestMappingHandlerMapping : Mapped "{[/error],produces=[text/html]}" onto public org.springframework.web.servlet.ModelAndView org.springframework.boot.autoconfigure.web.servlet.error.BasicErrorController.errorHtml(javax.servlet.http.HttpServletRequest,javax.servlet.http.HttpServletResponse)
2019-10-30 17:36:09.160  INFO 980 --- [restartedMain] o.s.w.s.handler.SimpleUrlHandlerMapping  : Mapped URL path [/webjars/**] onto handler of type [class org.springframework.web.servlet.resource.ResourceHttpRequestHandler]
2019-10-30 17:36:09.161  INFO 980 --- [restartedMain] o.s.w.s.handler.SimpleUrlHandlerMapping  : Mapped URL path [/**] onto handler of type [class org.springframework.web.servlet.resource.ResourceHttpRequestHandler]
2019-10-30 17:36:09.257  INFO 980 --- [restartedMain] o.s.w.s.handler.SimpleUrlHandlerMapping  : Mapped URL path [/**/favicon.ico] onto handler of type [class org.springframework.web.servlet.resource.ResourceHttpRequestHandler]
2019-10-30 17:36:09.438  INFO 980 --- [restartedMain] o.s.b.a.w.s.WelcomePageHandlerMapping    : Adding welcome page template: index
2019-10-30 17:36:09.884  INFO 980 --- [restartedMain] o.s.b.d.a.OptionalLiveReloadServer       : LiveReload server is running on port 35729
2019-10-30 17:36:10.050  INFO 980 --- [restartedMain] o.s.j.e.a.AnnotationMBeanExporter        : Registering beans for JMX exposure on startup
2019-10-30 17:36:10.052  INFO 980 --- [restartedMain] o.s.j.e.a.AnnotationMBeanExporter        : Bean with name 'dataSource' has been autodetected for JMX exposure
2019-10-30 17:36:10.064  INFO 980 --- [restartedMain] o.s.j.e.a.AnnotationMBeanExporter        : Located MBean 'dataSource': registering with JMX server as MBean [com.alibaba.druid.pool:name=dataSource,type=DruidDataSource]
2019-10-30 17:36:10.151  INFO 980 --- [restartedMain] o.s.b.w.embedded.tomcat.TomcatWebServer  : Tomcat started on port(s): 8080 (http) with context path ''
2019-10-30 17:36:10.157  INFO 980 --- [restartedMain] com.community.Community                  : Started Community in 15.537 seconds (JVM running for 17.865)
2019-10-30 17:36:14.423  INFO 980 --- [http-nio-8080-exec-1] o.a.c.c.C.[Tomcat].[localhost].[/]       : Initializing Spring FrameworkServlet 'dispatcherServlet'
2019-10-30 17:36:14.425  INFO 980 --- [http-nio-8080-exec-1] o.s.web.servlet.DispatcherServlet        : FrameworkServlet 'dispatcherServlet': initialization started
2019-10-30 17:36:14.645  INFO 980 --- [http-nio-8080-exec-1] o.s.web.servlet.DispatcherServlet        : FrameworkServlet 'dispatcherServlet': initialization completed in 219 ms
2019-10-30 17:36:26.304  INFO 980 --- [http-nio-8080-exec-4] com.alibaba.druid.pool.DruidDataSource   : {dataSource-1} inited
